Connecting to database specified by database.yml
Compiled admin.js  (0ms)  (pid 15654)
Compiled jquery.js  (92ms)  (pid 15654)
Compiled jquery_ujs.js  (0ms)  (pid 15654)
Compiled refinery/admin.js  (60ms)  (pid 15654)
Compiled refinery/site_bar.js  (0ms)  (pid 15654)
Compiled wymeditor/browsers/ie.js  (6ms)  (pid 15654)
Compiled wymeditor/browsers/mozilla.js  (8ms)  (pid 15654)
Compiled wymeditor/browsers/opera.js  (4ms)  (pid 15654)
Compiled wymeditor/browsers/webkit.js  (7ms)  (pid 15654)
Compiled wymeditor/classes.js  (38ms)  (pid 15654)
Compiled wymeditor/functions.js  (6ms)  (pid 15654)
Compiled wymeditor/lang/bg.js  (0ms)  (pid 15654)
Compiled wymeditor/lang/ca.js  (0ms)  (pid 15654)
Compiled wymeditor/lang/cs.js  (0ms)  (pid 15654)
Compiled wymeditor/lang/da.js  (0ms)  (pid 15654)
Compiled wymeditor/lang/de.js  (0ms)  (pid 15654)
Compiled wymeditor/lang/en.js  (0ms)  (pid 15654)
Compiled wymeditor/lang/es.js  (0ms)  (pid 15654)
Compiled wymeditor/lang/fa.js  (0ms)  (pid 15654)
Compiled wymeditor/lang/fi.js  (0ms)  (pid 15654)
Compiled wymeditor/lang/fr.js  (0ms)  (pid 15654)
Compiled wymeditor/lang/he.js  (0ms)  (pid 15654)
Compiled wymeditor/lang/hu.js  (0ms)  (pid 15654)
Compiled wymeditor/lang/it.js  (0ms)  (pid 15654)
Compiled wymeditor/lang/ja.js  (0ms)  (pid 15654)
Compiled wymeditor/lang/lv.js  (0ms)  (pid 15654)
Compiled wymeditor/lang/nb.js  (0ms)  (pid 15654)
Compiled wymeditor/lang/nl.js  (0ms)  (pid 15654)
Compiled wymeditor/lang/nn.js  (0ms)  (pid 15654)
Compiled wymeditor/lang/pl.js  (0ms)  (pid 15654)
Compiled wymeditor/lang/pt-BR.js  (0ms)  (pid 15654)
Compiled wymeditor/lang/pt.js  (0ms)  (pid 15654)
Compiled wymeditor/lang/rs.js  (0ms)  (pid 15654)
Compiled wymeditor/lang/ru.js  (0ms)  (pid 15654)
Compiled wymeditor/lang/sk.js  (0ms)  (pid 15654)
Compiled wymeditor/lang/sl.js  (0ms)  (pid 15654)
Compiled wymeditor/lang/sv.js  (0ms)  (pid 15654)
Compiled wymeditor/lang/tr.js  (0ms)  (pid 15654)
Compiled wymeditor/lang/vi.js  (0ms)  (pid 15654)
Compiled wymeditor/lang/zh-CN.js  (0ms)  (pid 15654)
Compiled wymeditor/prototypes.js  (123ms)  (pid 15654)
Compiled wymeditor/setup.js  (30ms)  (pid 15654)
Compiled wymeditor/skins/refinery/skin.js  (0ms)  (pid 15654)
Compiled wymeditor/validators.js  (16ms)  (pid 15654)
Compiled application.js  (1015ms)  (pid 15654)
Compiled 1layout.css  (219ms)  (pid 15654)
Compiled application.css  (20ms)  (pid 15654)
Compiled formatting.css  (15ms)  (pid 15654)
Compiled home.css  (1ms)  (pid 15654)
Compiled refinery/layout.css  (1273ms)  (pid 15654)
Compiled refinery/site_bar.css  (30ms)  (pid 15654)
Compiled refinery/submenu.css  (26ms)  (pid 15654)
Compiled refinery/tooltips.css  (19ms)  (pid 15654)
Compiled refinery/ui.css  (42ms)  (pid 15654)
Compiled theme.css  (6ms)  (pid 15654)
Compiled application.css  (1815ms)  (pid 15654)
Compiled refinery/blog/backend.js  (0ms)  (pid 15654)
Compiled refinery/blog/frontend.js  (0ms)  (pid 15654)
Compiled refinery/blog/backend.css  (75ms)  (pid 15654)
Compiled refinery/blog/frontend.css  (103ms)  (pid 15654)
Compiled refinery/blog/ui-lightness/jquery-ui-1.8.13.custom.css  (394ms)  (pid 15654)
Compiled skitter/jquery.animate-colors-min.js  (0ms)  (pid 15654)
Compiled skitter/jquery.easing.1.3.js  (0ms)  (pid 15654)
Compiled skitter/jquery.skitter.js  (2ms)  (pid 15654)
Compiled skitter.js  (33ms)  (pid 15654)
Compiled refinery/portfolio/frontend.js  (46ms)  (pid 15654)
Compiled refinery/portfolio.js  (59ms)  (pid 15654)
Compiled refinery/portfolio/admin/galleries.css  (3ms)  (pid 15654)
Compiled skitter/skitter.css  (126ms)  (pid 15654)
Compiled refinery/portfolio/frontend.css  (156ms)  (pid 15654)
Compiled refinery/page-image-picker.js  (5ms)  (pid 15654)
Compiled refinery/page-image-picker.css  (15ms)  (pid 15654)
Compiled refinery/inquiries/inquiries.css  (7ms)  (pid 15654)
Compiled dd_belatedpng.js  (0ms)  (pid 15654)
Compiled modernizr-min.js  (0ms)  (pid 15654)
Compiled refinery/ajaxy_pagination.js  (277ms)  (pid 15654)
Compiled wymeditor/skins/refinery/wymiframe.css  (208ms)  (pid 15654)
Compiled refinery/boot_wym.js  (279ms)  (pid 15654)
Compiled refinery/core.js  (0ms)  (pid 15654)
Compiled refinery/interface.js  (315ms)  (pid 15654)
Compiled refinery/modal_dialogs.js  (5ms)  (pid 15654)
Compiled refinery/nestedsortables.js  (0ms)  (pid 15654)
Compiled jquery-ui.js  (4ms)  (pid 15654)
Compiled jquery/jquery.corner.js  (0ms)  (pid 15654)
Compiled jquery/jquery.textTruncate.js  (0ms)  (pid 15654)
Compiled jquery/jquery.html5-placeholder-shim.js  (0ms)  (pid 15654)
Compiled jquery/jquery.timers.js  (0ms)  (pid 15654)
Compiled jquery/jquery.jcarousel.js  (0ms)  (pid 15654)
Compiled admin.js  (0ms)  (pid 15654)
Compiled refinery/site_bar.js  (0ms)  (pid 15654)
Compiled refinery/admin.js  (33ms)  (pid 15654)
Compiled refinery/submenu.js  (2ms)  (pid 15654)
Compiled refinery/sortable_menu.js  (229ms)  (pid 15654)
Compiled refinery/submit_continue.js  (230ms)  (pid 15654)
Compiled refinery/refinery.js  (677ms)  (pid 15654)
Compiled refinery/serializelist.js  (0ms)  (pid 15654)
Compiled refinery/tree.js  (0ms)  (pid 15654)
Compiled wymeditor/setup.js  (26ms)  (pid 15654)
Compiled wymeditor/functions.js  (6ms)  (pid 15654)
Compiled wymeditor/prototypes.js  (29ms)  (pid 15654)
Compiled wymeditor/classes.js  (39ms)  (pid 15654)
Compiled wymeditor/validators.js  (18ms)  (pid 15654)
Compiled wymeditor/browsers/ie.js  (6ms)  (pid 15654)
Compiled wymeditor/browsers/mozilla.js  (8ms)  (pid 15654)
Compiled wymeditor/browsers/opera.js  (3ms)  (pid 15654)
Compiled wymeditor/browsers/webkit.js  (7ms)  (pid 15654)
Compiled refinery/wymeditor.js  (292ms)  (pid 15654)
Compiled wymeditor/skins/refinery/skin.css  (145ms)  (pid 15654)
Compiled refinery/refinery.css  (185ms)  (pid 15654)
Connecting to database specified by database.yml
Compiled admin.js  (0ms)  (pid 15654)
Compiled jquery.js  (3ms)  (pid 15654)
Compiled jquery_ujs.js  (0ms)  (pid 15654)
Compiled refinery/admin.js  (117ms)  (pid 15654)
Compiled refinery/site_bar.js  (0ms)  (pid 15654)
Compiled wymeditor/browsers/ie.js  (6ms)  (pid 15654)
Compiled wymeditor/browsers/mozilla.js  (8ms)  (pid 15654)
Compiled wymeditor/browsers/opera.js  (4ms)  (pid 15654)
Compiled wymeditor/browsers/webkit.js  (7ms)  (pid 15654)
Compiled wymeditor/classes.js  (125ms)  (pid 15654)
Compiled wymeditor/functions.js  (6ms)  (pid 15654)
Compiled wymeditor/lang/bg.js  (0ms)  (pid 15654)
Compiled wymeditor/lang/ca.js  (0ms)  (pid 15654)
Compiled wymeditor/lang/cs.js  (0ms)  (pid 15654)
Compiled wymeditor/lang/da.js  (0ms)  (pid 15654)
Compiled wymeditor/lang/de.js  (0ms)  (pid 15654)
Compiled wymeditor/lang/en.js  (0ms)  (pid 15654)
Compiled wymeditor/lang/es.js  (0ms)  (pid 15654)
Compiled wymeditor/lang/fa.js  (0ms)  (pid 15654)
Compiled wymeditor/lang/fi.js  (0ms)  (pid 15654)
Compiled wymeditor/lang/fr.js  (0ms)  (pid 15654)
Compiled wymeditor/lang/he.js  (0ms)  (pid 15654)
Compiled wymeditor/lang/hu.js  (0ms)  (pid 15654)
Compiled wymeditor/lang/it.js  (0ms)  (pid 15654)
Compiled wymeditor/lang/ja.js  (0ms)  (pid 15654)
Compiled wymeditor/lang/lv.js  (0ms)  (pid 15654)
Compiled wymeditor/lang/nb.js  (0ms)  (pid 15654)
Compiled wymeditor/lang/nl.js  (0ms)  (pid 15654)
Compiled wymeditor/lang/nn.js  (0ms)  (pid 15654)
Compiled wymeditor/lang/pl.js  (0ms)  (pid 15654)
Compiled wymeditor/lang/pt-BR.js  (0ms)  (pid 15654)
Compiled wymeditor/lang/pt.js  (0ms)  (pid 15654)
Compiled wymeditor/lang/rs.js  (0ms)  (pid 15654)
Compiled wymeditor/lang/ru.js  (0ms)  (pid 15654)
Compiled wymeditor/lang/sk.js  (0ms)  (pid 15654)
Compiled wymeditor/lang/sl.js  (0ms)  (pid 15654)
Compiled wymeditor/lang/sv.js  (0ms)  (pid 15654)
Compiled wymeditor/lang/tr.js  (0ms)  (pid 15654)
Compiled wymeditor/lang/vi.js  (0ms)  (pid 15654)
Compiled wymeditor/lang/zh-CN.js  (0ms)  (pid 15654)
Compiled wymeditor/prototypes.js  (115ms)  (pid 15654)
Compiled wymeditor/setup.js  (18ms)  (pid 15654)
Compiled wymeditor/skins/refinery/skin.js  (0ms)  (pid 15654)
Compiled wymeditor/validators.js  (17ms)  (pid 15654)
Compiled application.js  (887ms)  (pid 15654)
Compiled 1layout.css  (158ms)  (pid 15654)
Compiled application.css  (15ms)  (pid 15654)
Compiled formatting.css  (16ms)  (pid 15654)
Compiled home.css  (1ms)  (pid 15654)
Compiled refinery/layout.css  (654ms)  (pid 15654)
Compiled refinery/site_bar.css  (27ms)  (pid 15654)
Compiled refinery/submenu.css  (9ms)  (pid 15654)
Compiled refinery/tooltips.css  (21ms)  (pid 15654)
Compiled refinery/ui.css  (32ms)  (pid 15654)
Compiled theme.css  (6ms)  (pid 15654)
Compiled application.css  (1128ms)  (pid 15654)
Compiled refinery/blog/backend.js  (0ms)  (pid 15654)
Compiled refinery/blog/frontend.js  (0ms)  (pid 15654)
Compiled refinery/blog/backend.css  (25ms)  (pid 15654)
Compiled refinery/blog/frontend.css  (28ms)  (pid 15654)
Compiled refinery/blog/ui-lightness/jquery-ui-1.8.13.custom.css  (312ms)  (pid 15654)
Compiled skitter/jquery.animate-colors-min.js  (0ms)  (pid 15654)
Compiled skitter/jquery.easing.1.3.js  (1ms)  (pid 15654)
Compiled skitter/jquery.skitter.js  (2ms)  (pid 15654)
Compiled skitter.js  (144ms)  (pid 15654)
Compiled refinery/portfolio/frontend.js  (154ms)  (pid 15654)
Compiled refinery/portfolio.js  (162ms)  (pid 15654)
Compiled refinery/portfolio/admin/galleries.css  (3ms)  (pid 15654)
Compiled skitter/skitter.css  (73ms)  (pid 15654)
Compiled refinery/portfolio/frontend.css  (98ms)  (pid 15654)
Compiled refinery/page-image-picker.js  (6ms)  (pid 15654)
Compiled refinery/page-image-picker.css  (15ms)  (pid 15654)
Compiled refinery/inquiries/inquiries.css  (10ms)  (pid 15654)
Compiled dd_belatedpng.js  (0ms)  (pid 15654)
Compiled modernizr-min.js  (1ms)  (pid 15654)
Compiled refinery/ajaxy_pagination.js  (236ms)  (pid 15654)
Compiled refinery/boot_wym.js  (14ms)  (pid 15654)
Compiled refinery/core.js  (0ms)  (pid 15654)
Compiled refinery/interface.js  (314ms)  (pid 15654)
Compiled refinery/modal_dialogs.js  (5ms)  (pid 15654)
Compiled refinery/nestedsortables.js  (0ms)  (pid 15654)
Compiled jquery-ui.js  (4ms)  (pid 15654)
Compiled jquery/jquery.corner.js  (0ms)  (pid 15654)
Compiled jquery/jquery.textTruncate.js  (0ms)  (pid 15654)
Compiled jquery/jquery.html5-placeholder-shim.js  (0ms)  (pid 15654)
Compiled jquery/jquery.timers.js  (0ms)  (pid 15654)
Compiled jquery/jquery.jcarousel.js  (0ms)  (pid 15654)
Compiled admin.js  (0ms)  (pid 15654)
Compiled refinery/site_bar.js  (0ms)  (pid 15654)
Compiled refinery/admin.js  (28ms)  (pid 15654)
Compiled refinery/submenu.js  (2ms)  (pid 15654)
Compiled refinery/sortable_menu.js  (227ms)  (pid 15654)
Compiled refinery/submit_continue.js  (229ms)  (pid 15654)
Compiled refinery/refinery.js  (673ms)  (pid 15654)
Compiled refinery/serializelist.js  (0ms)  (pid 15654)
Compiled refinery/tree.js  (0ms)  (pid 15654)
Compiled wymeditor/setup.js  (20ms)  (pid 15654)
Compiled wymeditor/functions.js  (7ms)  (pid 15654)
Compiled wymeditor/prototypes.js  (31ms)  (pid 15654)
Compiled wymeditor/classes.js  (39ms)  (pid 15654)
Compiled wymeditor/validators.js  (117ms)  (pid 15654)
Compiled wymeditor/browsers/ie.js  (6ms)  (pid 15654)
Compiled wymeditor/browsers/mozilla.js  (8ms)  (pid 15654)
Compiled wymeditor/browsers/opera.js  (4ms)  (pid 15654)
Compiled wymeditor/browsers/webkit.js  (7ms)  (pid 15654)
Compiled refinery/wymeditor.js  (295ms)  (pid 15654)
Compiled wymeditor/skins/refinery/skin.css  (145ms)  (pid 15654)
Compiled refinery/refinery.css  (258ms)  (pid 15654)
Compiled wymeditor/skins/refinery/wymiframe.css  (202ms)  (pid 15654)
Connecting to database specified by database.yml
Compiled admin.js  (0ms)  (pid 17403)
Compiled jquery.js  (2ms)  (pid 17403)
Compiled jquery_ujs.js  (0ms)  (pid 17403)
Compiled refinery/admin.js  (134ms)  (pid 17403)
Compiled refinery/site_bar.js  (0ms)  (pid 17403)
Compiled wymeditor/browsers/ie.js  (6ms)  (pid 17403)
Compiled wymeditor/browsers/mozilla.js  (8ms)  (pid 17403)
Compiled wymeditor/browsers/opera.js  (4ms)  (pid 17403)
Compiled wymeditor/browsers/webkit.js  (7ms)  (pid 17403)
Compiled wymeditor/classes.js  (125ms)  (pid 17403)
Compiled wymeditor/functions.js  (6ms)  (pid 17403)
Compiled wymeditor/lang/bg.js  (0ms)  (pid 17403)
Compiled wymeditor/lang/ca.js  (0ms)  (pid 17403)
Compiled wymeditor/lang/cs.js  (0ms)  (pid 17403)
Compiled wymeditor/lang/da.js  (0ms)  (pid 17403)
Compiled wymeditor/lang/de.js  (0ms)  (pid 17403)
Compiled wymeditor/lang/en.js  (0ms)  (pid 17403)
Compiled wymeditor/lang/es.js  (0ms)  (pid 17403)
Compiled wymeditor/lang/fa.js  (0ms)  (pid 17403)
Compiled wymeditor/lang/fi.js  (0ms)  (pid 17403)
Compiled wymeditor/lang/fr.js  (0ms)  (pid 17403)
Compiled wymeditor/lang/he.js  (0ms)  (pid 17403)
Compiled wymeditor/lang/hu.js  (0ms)  (pid 17403)
Compiled wymeditor/lang/it.js  (0ms)  (pid 17403)
Compiled wymeditor/lang/ja.js  (0ms)  (pid 17403)
Compiled wymeditor/lang/lv.js  (0ms)  (pid 17403)
Compiled wymeditor/lang/nb.js  (0ms)  (pid 17403)
Compiled wymeditor/lang/nl.js  (0ms)  (pid 17403)
Compiled wymeditor/lang/nn.js  (0ms)  (pid 17403)
Compiled wymeditor/lang/pl.js  (0ms)  (pid 17403)
Compiled wymeditor/lang/pt-BR.js  (0ms)  (pid 17403)
Compiled wymeditor/lang/pt.js  (0ms)  (pid 17403)
Compiled wymeditor/lang/rs.js  (0ms)  (pid 17403)
Compiled wymeditor/lang/ru.js  (0ms)  (pid 17403)
Compiled wymeditor/lang/sk.js  (0ms)  (pid 17403)
Compiled wymeditor/lang/sl.js  (0ms)  (pid 17403)
Compiled wymeditor/lang/sv.js  (0ms)  (pid 17403)
Compiled wymeditor/lang/tr.js  (0ms)  (pid 17403)
Compiled wymeditor/lang/vi.js  (0ms)  (pid 17403)
Compiled wymeditor/lang/zh-CN.js  (0ms)  (pid 17403)
Compiled wymeditor/prototypes.js  (39ms)  (pid 17403)
Compiled wymeditor/setup.js  (29ms)  (pid 17403)
Compiled wymeditor/skins/refinery/skin.js  (0ms)  (pid 17403)
Compiled wymeditor/validators.js  (18ms)  (pid 17403)
Compiled application.js  (999ms)  (pid 17403)
Compiled application.css  (112ms)  (pid 17403)
Compiled formatting.css  (15ms)  (pid 17403)
Compiled home.css  (1ms)  (pid 17403)
Compiled refinery/layout.css  (1233ms)  (pid 17403)
Compiled refinery/site_bar.css  (29ms)  (pid 17403)
Compiled refinery/submenu.css  (113ms)  (pid 17403)
Compiled refinery/tooltips.css  (20ms)  (pid 17403)
Compiled refinery/ui.css  (40ms)  (pid 17403)
Compiled theme.css  (6ms)  (pid 17403)
Compiled application.css  (1628ms)  (pid 17403)
Compiled refinery/blog/backend.js  (0ms)  (pid 17403)
Compiled refinery/blog/frontend.js  (0ms)  (pid 17403)
Compiled refinery/blog/backend.css  (46ms)  (pid 17403)
Compiled refinery/blog/frontend.css  (147ms)  (pid 17403)
Compiled refinery/blog/ui-lightness/jquery-ui-1.8.13.custom.css  (408ms)  (pid 17403)
Compiled skitter/jquery.animate-colors-min.js  (0ms)  (pid 17403)
Compiled skitter/jquery.easing.1.3.js  (0ms)  (pid 17403)
Compiled skitter/jquery.skitter.js  (98ms)  (pid 17403)
Compiled skitter.js  (126ms)  (pid 17403)
Compiled refinery/portfolio/frontend.js  (136ms)  (pid 17403)
Compiled refinery/portfolio.js  (143ms)  (pid 17403)
Compiled refinery/portfolio/admin/galleries.css  (3ms)  (pid 17403)
Compiled skitter/skitter.css  (142ms)  (pid 17403)
Compiled refinery/portfolio/frontend.css  (254ms)  (pid 17403)
Compiled refinery/page-image-picker.js  (6ms)  (pid 17403)
Compiled refinery/page-image-picker.css  (16ms)  (pid 17403)
Compiled refinery/inquiries/inquiries.css  (6ms)  (pid 17403)
Compiled dd_belatedpng.js  (0ms)  (pid 17403)
Compiled modernizr-min.js  (0ms)  (pid 17403)
Compiled refinery/ajaxy_pagination.js  (264ms)  (pid 17403)
Compiled wymeditor/skins/refinery/wymiframe.css  (194ms)  (pid 17403)
Compiled refinery/boot_wym.js  (253ms)  (pid 17403)
Compiled refinery/core.js  (0ms)  (pid 17403)
Compiled refinery/interface.js  (337ms)  (pid 17403)
Compiled refinery/modal_dialogs.js  (5ms)  (pid 17403)
Compiled refinery/nestedsortables.js  (1ms)  (pid 17403)
Compiled jquery-ui.js  (5ms)  (pid 17403)
Compiled jquery/jquery.corner.js  (0ms)  (pid 17403)
Compiled jquery/jquery.textTruncate.js  (0ms)  (pid 17403)
Compiled jquery/jquery.html5-placeholder-shim.js  (0ms)  (pid 17403)
Compiled jquery/jquery.timers.js  (0ms)  (pid 17403)
Compiled jquery/jquery.jcarousel.js  (0ms)  (pid 17403)
Compiled admin.js  (0ms)  (pid 17403)
Compiled refinery/site_bar.js  (0ms)  (pid 17403)
Compiled refinery/admin.js  (35ms)  (pid 17403)
Compiled refinery/submenu.js  (2ms)  (pid 17403)
Compiled refinery/sortable_menu.js  (237ms)  (pid 17403)
Compiled refinery/submit_continue.js  (232ms)  (pid 17403)
Compiled refinery/refinery.js  (696ms)  (pid 17403)
Compiled refinery/serializelist.js  (0ms)  (pid 17403)
Compiled refinery/tree.js  (0ms)  (pid 17403)
Compiled wymeditor/setup.js  (178ms)  (pid 17403)
Compiled wymeditor/functions.js  (7ms)  (pid 17403)
Compiled wymeditor/prototypes.js  (29ms)  (pid 17403)
Compiled wymeditor/classes.js  (40ms)  (pid 17403)
Compiled wymeditor/validators.js  (43ms)  (pid 17403)
Compiled wymeditor/browsers/ie.js  (16ms)  (pid 17403)
Compiled wymeditor/browsers/mozilla.js  (19ms)  (pid 17403)
Compiled wymeditor/browsers/opera.js  (9ms)  (pid 17403)
Compiled wymeditor/browsers/webkit.js  (13ms)  (pid 17403)
Compiled refinery/wymeditor.js  (602ms)  (pid 17403)
Compiled wymeditor/skins/refinery/skin.css  (146ms)  (pid 17403)
Compiled refinery/refinery.css  (161ms)  (pid 17403)
Connecting to database specified by database.yml
Compiled admin.js  (0ms)  (pid 17403)
Compiled jquery.js  (3ms)  (pid 17403)
Compiled jquery_ujs.js  (0ms)  (pid 17403)
Compiled refinery/admin.js  (107ms)  (pid 17403)
Compiled refinery/site_bar.js  (0ms)  (pid 17403)
Compiled wymeditor/browsers/ie.js  (9ms)  (pid 17403)
Compiled wymeditor/browsers/mozilla.js  (11ms)  (pid 17403)
Compiled wymeditor/browsers/opera.js  (5ms)  (pid 17403)
Compiled wymeditor/browsers/webkit.js  (10ms)  (pid 17403)
Compiled wymeditor/classes.js  (117ms)  (pid 17403)
Compiled wymeditor/functions.js  (6ms)  (pid 17403)
Compiled wymeditor/lang/bg.js  (0ms)  (pid 17403)
Compiled wymeditor/lang/ca.js  (0ms)  (pid 17403)
Compiled wymeditor/lang/cs.js  (0ms)  (pid 17403)
Compiled wymeditor/lang/da.js  (0ms)  (pid 17403)
Compiled wymeditor/lang/de.js  (0ms)  (pid 17403)
Compiled wymeditor/lang/en.js  (0ms)  (pid 17403)
Compiled wymeditor/lang/es.js  (0ms)  (pid 17403)
Compiled wymeditor/lang/fa.js  (0ms)  (pid 17403)
Compiled wymeditor/lang/fi.js  (0ms)  (pid 17403)
Compiled wymeditor/lang/fr.js  (0ms)  (pid 17403)
Compiled wymeditor/lang/he.js  (0ms)  (pid 17403)
Compiled wymeditor/lang/hu.js  (0ms)  (pid 17403)
Compiled wymeditor/lang/it.js  (0ms)  (pid 17403)
Compiled wymeditor/lang/ja.js  (0ms)  (pid 17403)
Compiled wymeditor/lang/lv.js  (0ms)  (pid 17403)
Compiled wymeditor/lang/nb.js  (0ms)  (pid 17403)
Compiled wymeditor/lang/nl.js  (0ms)  (pid 17403)
Compiled wymeditor/lang/nn.js  (0ms)  (pid 17403)
Compiled wymeditor/lang/pl.js  (0ms)  (pid 17403)
Compiled wymeditor/lang/pt-BR.js  (0ms)  (pid 17403)
Compiled wymeditor/lang/pt.js  (0ms)  (pid 17403)
Compiled wymeditor/lang/rs.js  (0ms)  (pid 17403)
Compiled wymeditor/lang/ru.js  (0ms)  (pid 17403)
Compiled wymeditor/lang/sk.js  (0ms)  (pid 17403)
Compiled wymeditor/lang/sl.js  (0ms)  (pid 17403)
Compiled wymeditor/lang/sv.js  (0ms)  (pid 17403)
Compiled wymeditor/lang/tr.js  (0ms)  (pid 17403)
Compiled wymeditor/lang/vi.js  (0ms)  (pid 17403)
Compiled wymeditor/lang/zh-CN.js  (0ms)  (pid 17403)
Compiled wymeditor/prototypes.js  (105ms)  (pid 17403)
Compiled wymeditor/setup.js  (19ms)  (pid 17403)
Compiled wymeditor/skins/refinery/skin.js  (0ms)  (pid 17403)
Compiled wymeditor/validators.js  (18ms)  (pid 17403)
Compiled application.js  (923ms)  (pid 17403)
Compiled application.css  (109ms)  (pid 17403)
Compiled formatting.css  (15ms)  (pid 17403)
Compiled home.css  (1ms)  (pid 17403)
Compiled refinery/layout.css  (601ms)  (pid 17403)
Compiled refinery/site_bar.css  (106ms)  (pid 17403)
Compiled refinery/submenu.css  (8ms)  (pid 17403)
Compiled refinery/tooltips.css  (19ms)  (pid 17403)
Compiled refinery/ui.css  (29ms)  (pid 17403)
Compiled theme.css  (6ms)  (pid 17403)
Compiled application.css  (958ms)  (pid 17403)
Compiled refinery/blog/backend.js  (0ms)  (pid 17403)
Compiled refinery/blog/frontend.js  (0ms)  (pid 17403)
Compiled refinery/blog/backend.css  (26ms)  (pid 17403)
Compiled refinery/blog/frontend.css  (25ms)  (pid 17403)
Compiled refinery/blog/ui-lightness/jquery-ui-1.8.13.custom.css  (387ms)  (pid 17403)
Compiled skitter/jquery.animate-colors-min.js  (0ms)  (pid 17403)
Compiled skitter/jquery.easing.1.3.js  (0ms)  (pid 17403)
Compiled skitter/jquery.skitter.js  (2ms)  (pid 17403)
Compiled skitter.js  (109ms)  (pid 17403)
Compiled refinery/portfolio/frontend.js  (118ms)  (pid 17403)
Compiled refinery/portfolio.js  (124ms)  (pid 17403)
Compiled refinery/portfolio/admin/galleries.css  (77ms)  (pid 17403)
Compiled skitter/skitter.css  (69ms)  (pid 17403)
Compiled refinery/portfolio/frontend.css  (91ms)  (pid 17403)
Compiled refinery/page-image-picker.js  (5ms)  (pid 17403)
Compiled refinery/page-image-picker.css  (15ms)  (pid 17403)
Compiled refinery/inquiries/inquiries.css  (6ms)  (pid 17403)
Compiled dd_belatedpng.js  (0ms)  (pid 17403)
Compiled modernizr-min.js  (0ms)  (pid 17403)
Compiled refinery/ajaxy_pagination.js  (235ms)  (pid 17403)
Compiled refinery/boot_wym.js  (16ms)  (pid 17403)
Compiled refinery/core.js  (0ms)  (pid 17403)
Compiled refinery/interface.js  (326ms)  (pid 17403)
Compiled refinery/modal_dialogs.js  (6ms)  (pid 17403)
Compiled refinery/nestedsortables.js  (0ms)  (pid 17403)
Compiled jquery-ui.js  (4ms)  (pid 17403)
Compiled jquery/jquery.corner.js  (0ms)  (pid 17403)
Compiled jquery/jquery.textTruncate.js  (0ms)  (pid 17403)
Compiled jquery/jquery.html5-placeholder-shim.js  (0ms)  (pid 17403)
Compiled jquery/jquery.timers.js  (1ms)  (pid 17403)
Compiled jquery/jquery.jcarousel.js  (0ms)  (pid 17403)
Compiled admin.js  (0ms)  (pid 17403)
Compiled refinery/site_bar.js  (0ms)  (pid 17403)
Compiled refinery/admin.js  (29ms)  (pid 17403)
Compiled refinery/submenu.js  (2ms)  (pid 17403)
Compiled refinery/sortable_menu.js  (230ms)  (pid 17403)
Compiled refinery/submit_continue.js  (227ms)  (pid 17403)
Compiled refinery/refinery.js  (662ms)  (pid 17403)
Compiled refinery/serializelist.js  (0ms)  (pid 17403)
Compiled refinery/tree.js  (0ms)  (pid 17403)
Compiled wymeditor/setup.js  (22ms)  (pid 17403)
Compiled wymeditor/functions.js  (7ms)  (pid 17403)
Compiled wymeditor/prototypes.js  (31ms)  (pid 17403)
Compiled wymeditor/classes.js  (129ms)  (pid 17403)
Compiled wymeditor/validators.js  (18ms)  (pid 17403)
Compiled wymeditor/browsers/ie.js  (7ms)  (pid 17403)
Compiled wymeditor/browsers/mozilla.js  (8ms)  (pid 17403)
Compiled wymeditor/browsers/opera.js  (3ms)  (pid 17403)
Compiled wymeditor/browsers/webkit.js  (7ms)  (pid 17403)
Compiled refinery/wymeditor.js  (298ms)  (pid 17403)
Compiled wymeditor/skins/refinery/skin.css  (145ms)  (pid 17403)
Compiled refinery/refinery.css  (160ms)  (pid 17403)
Compiled wymeditor/skins/refinery/wymiframe.css  (102ms)  (pid 17403)
Connecting to database specified by database.yml
Compiled admin.js  (0ms)  (pid 4840)
Compiled jquery.js  (3ms)  (pid 4840)
Compiled jquery_ujs.js  (0ms)  (pid 4840)
Compiled refinery/admin.js  (178ms)  (pid 4840)
Compiled refinery/site_bar.js  (0ms)  (pid 4840)
Compiled wymeditor/browsers/ie.js  (7ms)  (pid 4840)
Compiled wymeditor/browsers/mozilla.js  (8ms)  (pid 4840)
Compiled wymeditor/browsers/opera.js  (4ms)  (pid 4840)
Compiled wymeditor/browsers/webkit.js  (7ms)  (pid 4840)
Compiled wymeditor/classes.js  (139ms)  (pid 4840)
Compiled wymeditor/functions.js  (7ms)  (pid 4840)
Compiled wymeditor/lang/bg.js  (0ms)  (pid 4840)
Compiled wymeditor/lang/ca.js  (0ms)  (pid 4840)
Compiled wymeditor/lang/cs.js  (0ms)  (pid 4840)
Compiled wymeditor/lang/da.js  (0ms)  (pid 4840)
Compiled wymeditor/lang/de.js  (0ms)  (pid 4840)
Compiled wymeditor/lang/en.js  (0ms)  (pid 4840)
Compiled wymeditor/lang/es.js  (0ms)  (pid 4840)
Compiled wymeditor/lang/fa.js  (0ms)  (pid 4840)
Compiled wymeditor/lang/fi.js  (0ms)  (pid 4840)
Compiled wymeditor/lang/fr.js  (0ms)  (pid 4840)
Compiled wymeditor/lang/he.js  (0ms)  (pid 4840)
Compiled wymeditor/lang/hu.js  (0ms)  (pid 4840)
Compiled wymeditor/lang/it.js  (0ms)  (pid 4840)
Compiled wymeditor/lang/ja.js  (0ms)  (pid 4840)
Compiled wymeditor/lang/lv.js  (0ms)  (pid 4840)
Compiled wymeditor/lang/nb.js  (0ms)  (pid 4840)
Compiled wymeditor/lang/nl.js  (0ms)  (pid 4840)
Compiled wymeditor/lang/nn.js  (0ms)  (pid 4840)
Compiled wymeditor/lang/pl.js  (0ms)  (pid 4840)
Compiled wymeditor/lang/pt-BR.js  (0ms)  (pid 4840)
Compiled wymeditor/lang/pt.js  (0ms)  (pid 4840)
Compiled wymeditor/lang/rs.js  (0ms)  (pid 4840)
Compiled wymeditor/lang/ru.js  (0ms)  (pid 4840)
Compiled wymeditor/lang/sk.js  (0ms)  (pid 4840)
Compiled wymeditor/lang/sl.js  (0ms)  (pid 4840)
Compiled wymeditor/lang/sv.js  (0ms)  (pid 4840)
Compiled wymeditor/lang/tr.js  (0ms)  (pid 4840)
Compiled wymeditor/lang/vi.js  (0ms)  (pid 4840)
Compiled wymeditor/lang/zh-CN.js  (0ms)  (pid 4840)
Compiled wymeditor/prototypes.js  (89ms)  (pid 4840)
Compiled wymeditor/setup.js  (32ms)  (pid 4840)
Compiled wymeditor/skins/refinery/skin.js  (0ms)  (pid 4840)
Compiled wymeditor/validators.js  (19ms)  (pid 4840)
Compiled application.js  (1268ms)  (pid 4840)
Compiled formatting.css  (156ms)  (pid 4840)
Compiled home.css  (1ms)  (pid 4840)
Compiled refinery/layout.css  (1250ms)  (pid 4840)
Compiled refinery/page-image-picker.css  (20ms)  (pid 4840)
Compiled refinery/site_bar.css  (52ms)  (pid 4840)
Compiled refinery/submenu.css  (182ms)  (pid 4840)
Compiled refinery/tooltips.css  (33ms)  (pid 4840)
Compiled refinery/ui.css  (63ms)  (pid 4840)
Compiled theme.css  (6ms)  (pid 4840)
Compiled application.css  (1833ms)  (pid 4840)
Compiled refinery/blog/backend.js  (0ms)  (pid 4840)
Compiled refinery/blog/frontend.js  (0ms)  (pid 4840)
Compiled refinery/blog/backend.css  (41ms)  (pid 4840)
Compiled refinery/blog/frontend.css  (150ms)  (pid 4840)
Compiled refinery/blog/ui-lightness/jquery-ui-1.8.13.custom.css  (419ms)  (pid 4840)
Compiled skitter/jquery.animate-colors-min.js  (1ms)  (pid 4840)
Compiled skitter/jquery.easing.1.3.js  (3ms)  (pid 4840)
Compiled skitter/jquery.skitter.js  (6ms)  (pid 4840)
Compiled skitter.js  (240ms)  (pid 4840)
Compiled refinery/portfolio/frontend.js  (288ms)  (pid 4840)
Compiled refinery/portfolio.js  (325ms)  (pid 4840)
Compiled refinery/portfolio/admin/galleries.css  (3ms)  (pid 4840)
Compiled skitter/skitter.css  (166ms)  (pid 4840)
Compiled refinery/portfolio/frontend.css  (204ms)  (pid 4840)
Compiled refinery/page-image-picker.js  (14ms)  (pid 4840)
Compiled refinery/inquiries/inquiries.css  (11ms)  (pid 4840)
Compiled dd_belatedpng.js  (0ms)  (pid 4840)
Compiled modernizr-min.js  (101ms)  (pid 4840)
Compiled refinery/ajaxy_pagination.js  (269ms)  (pid 4840)
Compiled wymeditor/skins/refinery/wymiframe.css  (198ms)  (pid 4840)
Compiled refinery/boot_wym.js  (258ms)  (pid 4840)
Compiled refinery/core.js  (0ms)  (pid 4840)
Compiled refinery/interface.js  (499ms)  (pid 4840)
Compiled refinery/modal_dialogs.js  (6ms)  (pid 4840)
Compiled refinery/nestedsortables.js  (1ms)  (pid 4840)
Compiled jquery-ui.js  (4ms)  (pid 4840)
Compiled jquery/jquery.corner.js  (0ms)  (pid 4840)
Compiled jquery/jquery.textTruncate.js  (0ms)  (pid 4840)
Compiled jquery/jquery.html5-placeholder-shim.js  (0ms)  (pid 4840)
Compiled jquery/jquery.timers.js  (0ms)  (pid 4840)
Compiled jquery/jquery.jcarousel.js  (1ms)  (pid 4840)
Compiled admin.js  (0ms)  (pid 4840)
Compiled refinery/site_bar.js  (0ms)  (pid 4840)
Compiled refinery/admin.js  (34ms)  (pid 4840)
Compiled refinery/submenu.js  (2ms)  (pid 4840)
Compiled refinery/sortable_menu.js  (224ms)  (pid 4840)
Compiled refinery/submit_continue.js  (227ms)  (pid 4840)
Compiled refinery/refinery.js  (736ms)  (pid 4840)
Compiled refinery/serializelist.js  (1ms)  (pid 4840)
Compiled refinery/tree.js  (0ms)  (pid 4840)
Compiled wymeditor/setup.js  (115ms)  (pid 4840)
Compiled wymeditor/functions.js  (6ms)  (pid 4840)
Compiled wymeditor/prototypes.js  (34ms)  (pid 4840)
Compiled wymeditor/classes.js  (46ms)  (pid 4840)
Compiled wymeditor/validators.js  (18ms)  (pid 4840)
Compiled wymeditor/browsers/ie.js  (9ms)  (pid 4840)
Compiled wymeditor/browsers/mozilla.js  (8ms)  (pid 4840)
Compiled wymeditor/browsers/opera.js  (3ms)  (pid 4840)
Compiled wymeditor/browsers/webkit.js  (7ms)  (pid 4840)
Compiled refinery/wymeditor.js  (310ms)  (pid 4840)
Compiled wymeditor/skins/refinery/skin.css  (164ms)  (pid 4840)
Compiled refinery/refinery.css  (182ms)  (pid 4840)
Connecting to database specified by database.yml
Compiled admin.js  (0ms)  (pid 4840)
Compiled jquery.js  (3ms)  (pid 4840)
Compiled jquery_ujs.js  (0ms)  (pid 4840)
Compiled refinery/admin.js  (32ms)  (pid 4840)
Compiled refinery/site_bar.js  (0ms)  (pid 4840)
Compiled wymeditor/browsers/ie.js  (6ms)  (pid 4840)
Compiled wymeditor/browsers/mozilla.js  (11ms)  (pid 4840)
Compiled wymeditor/browsers/opera.js  (4ms)  (pid 4840)
Compiled wymeditor/browsers/webkit.js  (8ms)  (pid 4840)
Compiled wymeditor/classes.js  (47ms)  (pid 4840)
Compiled wymeditor/functions.js  (6ms)  (pid 4840)
Compiled wymeditor/lang/bg.js  (0ms)  (pid 4840)
Compiled wymeditor/lang/ca.js  (0ms)  (pid 4840)
Compiled wymeditor/lang/cs.js  (0ms)  (pid 4840)
Compiled wymeditor/lang/da.js  (0ms)  (pid 4840)
Compiled wymeditor/lang/de.js  (0ms)  (pid 4840)
Compiled wymeditor/lang/en.js  (0ms)  (pid 4840)
Compiled wymeditor/lang/es.js  (0ms)  (pid 4840)
Compiled wymeditor/lang/fa.js  (0ms)  (pid 4840)
Compiled wymeditor/lang/fi.js  (0ms)  (pid 4840)
Compiled wymeditor/lang/fr.js  (0ms)  (pid 4840)
Compiled wymeditor/lang/he.js  (0ms)  (pid 4840)
Compiled wymeditor/lang/hu.js  (0ms)  (pid 4840)
Compiled wymeditor/lang/it.js  (0ms)  (pid 4840)
Compiled wymeditor/lang/ja.js  (0ms)  (pid 4840)
Compiled wymeditor/lang/lv.js  (0ms)  (pid 4840)
Compiled wymeditor/lang/nb.js  (0ms)  (pid 4840)
Compiled wymeditor/lang/nl.js  (0ms)  (pid 4840)
Compiled wymeditor/lang/nn.js  (0ms)  (pid 4840)
Compiled wymeditor/lang/pl.js  (0ms)  (pid 4840)
Compiled wymeditor/lang/pt-BR.js  (0ms)  (pid 4840)
Compiled wymeditor/lang/pt.js  (0ms)  (pid 4840)
Compiled wymeditor/lang/rs.js  (0ms)  (pid 4840)
Compiled wymeditor/lang/ru.js  (0ms)  (pid 4840)
Compiled wymeditor/lang/sk.js  (0ms)  (pid 4840)
Compiled wymeditor/lang/sl.js  (0ms)  (pid 4840)
Compiled wymeditor/lang/sv.js  (0ms)  (pid 4840)
Compiled wymeditor/lang/tr.js  (0ms)  (pid 4840)
Compiled wymeditor/lang/vi.js  (0ms)  (pid 4840)
Compiled wymeditor/lang/zh-CN.js  (0ms)  (pid 4840)
Compiled wymeditor/prototypes.js  (121ms)  (pid 4840)
Compiled wymeditor/setup.js  (19ms)  (pid 4840)
Compiled wymeditor/skins/refinery/skin.js  (0ms)  (pid 4840)
Compiled wymeditor/validators.js  (17ms)  (pid 4840)
Compiled application.js  (1078ms)  (pid 4840)
Compiled formatting.css  (109ms)  (pid 4840)
Compiled home.css  (1ms)  (pid 4840)
Compiled refinery/layout.css  (589ms)  (pid 4840)
Compiled refinery/page-image-picker.css  (14ms)  (pid 4840)
Compiled refinery/site_bar.css  (24ms)  (pid 4840)
Compiled refinery/submenu.css  (8ms)  (pid 4840)
Compiled refinery/tooltips.css  (105ms)  (pid 4840)
Compiled refinery/ui.css  (29ms)  (pid 4840)
Compiled theme.css  (6ms)  (pid 4840)
Compiled application.css  (949ms)  (pid 4840)
Compiled refinery/blog/backend.js  (0ms)  (pid 4840)
Compiled refinery/blog/frontend.js  (0ms)  (pid 4840)
Compiled refinery/blog/backend.css  (27ms)  (pid 4840)
Compiled refinery/blog/frontend.css  (25ms)  (pid 4840)
Compiled refinery/blog/ui-lightness/jquery-ui-1.8.13.custom.css  (294ms)  (pid 4840)
Compiled skitter/jquery.animate-colors-min.js  (0ms)  (pid 4840)
Compiled skitter/jquery.easing.1.3.js  (0ms)  (pid 4840)
Compiled skitter/jquery.skitter.js  (2ms)  (pid 4840)
Compiled skitter.js  (94ms)  (pid 4840)
Compiled refinery/portfolio/frontend.js  (103ms)  (pid 4840)
Compiled refinery/portfolio.js  (110ms)  (pid 4840)
Compiled refinery/portfolio/admin/galleries.css  (3ms)  (pid 4840)
Compiled skitter/skitter.css  (70ms)  (pid 4840)
Compiled refinery/portfolio/frontend.css  (93ms)  (pid 4840)
Compiled refinery/page-image-picker.js  (5ms)  (pid 4840)
Compiled refinery/inquiries/inquiries.css  (6ms)  (pid 4840)
Compiled dd_belatedpng.js  (0ms)  (pid 4840)
Compiled modernizr-min.js  (0ms)  (pid 4840)
Compiled refinery/ajaxy_pagination.js  (233ms)  (pid 4840)
Compiled refinery/boot_wym.js  (16ms)  (pid 4840)
Compiled refinery/core.js  (0ms)  (pid 4840)
Compiled refinery/interface.js  (309ms)  (pid 4840)
Compiled refinery/modal_dialogs.js  (14ms)  (pid 4840)
Compiled refinery/nestedsortables.js  (0ms)  (pid 4840)
Compiled jquery-ui.js  (4ms)  (pid 4840)
Compiled jquery/jquery.corner.js  (0ms)  (pid 4840)
Compiled jquery/jquery.textTruncate.js  (0ms)  (pid 4840)
Compiled jquery/jquery.html5-placeholder-shim.js  (0ms)  (pid 4840)
Compiled jquery/jquery.timers.js  (0ms)  (pid 4840)
Compiled jquery/jquery.jcarousel.js  (0ms)  (pid 4840)
Compiled admin.js  (0ms)  (pid 4840)
Compiled refinery/site_bar.js  (0ms)  (pid 4840)
Compiled refinery/admin.js  (113ms)  (pid 4840)
Compiled refinery/submenu.js  (2ms)  (pid 4840)
Compiled refinery/sortable_menu.js  (263ms)  (pid 4840)
Compiled refinery/submit_continue.js  (225ms)  (pid 4840)
Compiled refinery/refinery.js  (695ms)  (pid 4840)
Compiled refinery/serializelist.js  (0ms)  (pid 4840)
Compiled refinery/tree.js  (0ms)  (pid 4840)
Compiled wymeditor/setup.js  (107ms)  (pid 4840)
Compiled wymeditor/functions.js  (7ms)  (pid 4840)
Compiled wymeditor/prototypes.js  (29ms)  (pid 4840)
Compiled wymeditor/classes.js  (39ms)  (pid 4840)
Compiled wymeditor/validators.js  (17ms)  (pid 4840)
Compiled wymeditor/browsers/ie.js  (6ms)  (pid 4840)
Compiled wymeditor/browsers/mozilla.js  (7ms)  (pid 4840)
Compiled wymeditor/browsers/opera.js  (3ms)  (pid 4840)
Compiled wymeditor/browsers/webkit.js  (7ms)  (pid 4840)
Compiled refinery/wymeditor.js  (276ms)  (pid 4840)
Compiled wymeditor/skins/refinery/skin.css  (187ms)  (pid 4840)
Compiled refinery/refinery.css  (203ms)  (pid 4840)
Compiled wymeditor/skins/refinery/wymiframe.css  (101ms)  (pid 4840)
